<?xml version="1.0" encoding="UTF-8"?><testsuites><testsuite name="#.Mutsu.Tests.BasicHelpers" hostname="DESKTOP-3PBJ8MA" time="0.002000341191887856" timestamp="2024-09-27T15:36:14" errors="1" failures="4" skipped="1" tests="10"><testcase classname="#.Mutsu.Tests.BasicHelpers" name="testAssertError" file="APLSource/Tests/BasicHelpers/testAssertError.aplf" line="0" time="0.001"><error message="DOMAIN ERROR Assert[] Assert←{⍺←'' ⋄ ~⍵:⎕SIGNAL⊂('EN' 98)('ENX' 1)('Message'⍺)}" type="DOMAIN ERROR"><![CDATA[DOMAIN ERROR
Assert[] Assert←{⍺←'' ⋄ ~⍵:⎕SIGNAL⊂('EN' 98)('ENX' 1)('Message'⍺)}
                        ∧
#.Mutsu.Tests.BasicHelpers.testAssertError[2]
#.Mutsu.Tests.TestReportJUnit[2]]]></error></testcase><testcase classname="#.Mutsu.Tests.BasicHelpers" name="testAssertFail" file="APLSource/Tests/BasicHelpers/testAssertFail.aplf" line="0" time="0"><failure message="AFFIRM ERROR testAssertFail[2] Assert 0" type="AFFIRM ERROR"><![CDATA[AFFIRM ERROR
testAssertFail[2] Assert 0
                  ∧]]></failure></testcase><testcase classname="#.Mutsu.Tests.BasicHelpers" name="testAssertPass" file="APLSource/Tests/BasicHelpers/testAssertPass.aplf" line="0" time="0"></testcase><testcase classname="#.Mutsu.Tests.BasicHelpers" name="testSkip" file="APLSource/Tests/BasicHelpers/testSkip.aplf" line="0" time="0"><skipped message="this test should be skipped"></skipped></testcase><testcase classname="#.Mutsu.Tests.BasicHelpers" name="testTryErrorMessageFail" file="APLSource/Tests/BasicHelpers/testTryErrorMessageFail.aplf" line="0" time="0"><failure message="Expected exception [VALUE] got [DOMAIN ERROR]" type="AFFIRM ERROR"><![CDATA[AFFIRM ERROR
testTryErrorMessageFail[2] 'text'('VALUE'Try+)123
                                 ∧]]></failure></testcase><testcase classname="#.Mutsu.Tests.BasicHelpers" name="testTryErrorMessagePass" file="APLSource/Tests/BasicHelpers/testTryErrorMessagePass.aplf" line="0" time="0"></testcase><testcase classname="#.Mutsu.Tests.BasicHelpers" name="testTryErrorNumberFail" file="APLSource/Tests/BasicHelpers/testTryErrorNumberFail.aplf" line="0" time="0.001"><failure message="Expected exception [VALUE ERROR] got [DOMAIN ERROR]" type="AFFIRM ERROR"><![CDATA[AFFIRM ERROR
testTryErrorNumberFail[2] 'text'(6 Try+)123
                                ∧]]></failure></testcase><testcase classname="#.Mutsu.Tests.BasicHelpers" name="testTryErrorNumberPass" file="APLSource/Tests/BasicHelpers/testTryErrorNumberPass.aplf" line="0" time="0"></testcase><testcase classname="#.Mutsu.Tests.BasicHelpers" name="testTryNoException" file="APLSource/Tests/BasicHelpers/testTryNoException.aplf" line="0" time="0"><failure message="Expected exception [VALUE]" type="AFFIRM ERROR"><![CDATA[AFFIRM ERROR
testTryNoException[2] 1('VALUE'Try+)2
                       ∧]]></failure></testcase><testcase classname="#.Mutsu.Tests.BasicHelpers" name="testTryNoExpectedExcFail" file="APLSource/Tests/BasicHelpers/testTryNoExpectedExcFail.aplf" line="0" time="0"><failure message="Expected exception [ERROR 0] got [DOMAIN ERROR]" type="AFFIRM ERROR"><![CDATA[AFFIRM ERROR
testTryNoExpectedExcFail[2] 'text'(0 Try+)123
                                  ∧]]></failure></testcase><testcase classname="#.Mutsu.Tests.BasicHelpers" name="testTryNoExpectedExcPass" file="APLSource/Tests/BasicHelpers/testTryNoExpectedExcPass.aplf" line="0" time="0.001"></testcase><testcase classname="#.Mutsu.Tests.BasicHelpers" name="testTryNoResultDiv" file="APLSource/Tests/BasicHelpers/testTryNoResultDiv.aplf" line="0" time="0"></testcase></testsuite></testsuites>
